<?xml version="1.0" encoding="UTF-8"?>
<!-- Generated by org.testng.reporters.JUnitReportReporter -->
<testsuite hostname="Teju" failures="0" tests="1" name="testNGStudy.NewTest" time="9.208" errors="0" timestamp="2023-12-17T10:46:54 IST" skipped="0">
  <testcase classname="testNGStudy.NewTest" name="f" time="9.208"/>
</testsuite> <!-- testNGStudy.NewTest -->
