<?xml version="1.0" encoding="UTF-8"?>
<!-- Generated by org.testng.reporters.JUnitReportReporter -->
<testsuite hostname="Teju" failures="0" tests="1" name="seriesAndParallel.Ajio" time="35.600" errors="0" timestamp="2023-12-23T21:23:17 IST" skipped="0">
  <testcase classname="seriesAndParallel.Ajio" name="ajioTest" time="35.600"/>
</testsuite> <!-- seriesAndParallel.Ajio -->
