<?xml version="1.0" encoding="UTF-8"?>
<!-- Generated by org.testng.reporters.JUnitReportReporter -->
<testsuite hostname="Teju" failures="0" tests="2" name="testNGStudy.BeforeAndAfterClass" time="0.008" errors="0" timestamp="2023-12-19T16:48:10 IST" skipped="0">
  <testcase classname="testNGStudy.BeforeAndAfterClass" name="TC2" time="0.001">
    <system-out>
      <![CDATA[TC 2 is running]]>
    </system-out>
  </testcase> <!-- TC2 -->
  <testcase classname="testNGStudy.BeforeAndAfterClass" name="TC1" time="0.007">
    <system-out>
      <![CDATA[TC 1 is running]]>
    </system-out>
  </testcase> <!-- TC1 -->
  <system-out>
    <![CDATA[Open browser-->Before class
Before method is running
TC 1 is running
after method is running
Before method is running
TC 2 is running
after method is running
Close browser-->after class]]>
  </system-out>
</testsuite> <!-- testNGStudy.BeforeAndAfterClass -->
