<?xml version="1.0" encoding="UTF-8"?>
<!-- Generated by org.testng.reporters.JUnitReportReporter -->
<testsuite hostname="Teju" failures="0" tests="4" name="TestNgKeyWords.EnabledUse" time="0.014" errors="0" timestamp="2023-12-22T11:42:18 IST" skipped="1">
  <testcase classname="TestNgKeyWords.EnabledUse" name="d" time="0.001">
    <system-out>
      <![CDATA[TC d is running]]>
    </system-out>
  </testcase> <!-- d -->
  <testcase classname="TestNgKeyWords.EnabledUse" name="a" time="0.010">
    <system-out>
      <![CDATA[TC a is running]]>
    </system-out>
  </testcase> <!-- a -->
  <testcase classname="TestNgKeyWords.EnabledUse" name="c" time="0.003">
    <system-out>
      <![CDATA[TC c is running]]>
    </system-out>
  </testcase> <!-- c -->
  <testcase classname="TestNgKeyWords.EnabledUse" name="b">
    <skipped/>
  </testcase> <!-- b -->
  <system-out>
    <![CDATA[TC a is running
TC c is running
TC d is running]]>
  </system-out>
</testsuite> <!-- TestNgKeyWords.EnabledUse -->
