<?xml version="1.0" encoding="UTF-8"?>
<!-- Generated by org.testng.reporters.JUnitReportReporter -->
<testsuite hostname="Teju" failures="0" tests="4" name="TestNgKeyWords.Priority" time="0.021" errors="0" timestamp="2023-12-22T11:17:49 IST" skipped="0">
  <testcase classname="TestNgKeyWords.Priority" name="b" time="0.013">
    <system-out>
      <![CDATA[TC b is running]]>
    </system-out>
  </testcase> <!-- b -->
  <testcase classname="TestNgKeyWords.Priority" name="c" time="0.004">
    <system-out>
      <![CDATA[TC c is running]]>
    </system-out>
  </testcase> <!-- c -->
  <testcase classname="TestNgKeyWords.Priority" name="d" time="0.002">
    <system-out>
      <![CDATA[TC d is running]]>
    </system-out>
  </testcase> <!-- d -->
  <testcase classname="TestNgKeyWords.Priority" name="a" time="0.002">
    <system-out>
      <![CDATA[TC a is running]]>
    </system-out>
  </testcase> <!-- a -->
  <system-out>
    <![CDATA[TC b is running
TC c is running
TC d is running
TC a is running]]>
  </system-out>
</testsuite> <!-- TestNgKeyWords.Priority -->
