<?xml version="1.0" encoding="UTF-8"?>
<!-- Generated by org.testng.reporters.JUnitReportReporter -->
<testsuite hostname="Teju" failures="0" tests="1" name="testNGStudy.NewTestNg2" time="0.043" errors="0" timestamp="2023-12-18T20:08:24 IST" skipped="0">
  <testcase classname="testNGStudy.NewTestNg2" name="myMethod" time="0.043">
    <system-out>
      <![CDATA[Hi, this is Reporter without boolean parameter
Hi, this is Reporter with boolean parameter]]>
    </system-out>
  </testcase> <!-- myMethod -->
  <system-out>
    <![CDATA[Hi, this is Reporter without boolean parameter
Hi, this is Reporter with boolean parameter]]>
  </system-out>
</testsuite> <!-- testNGStudy.NewTestNg2 -->
