<?xml version="1.0" encoding="UTF-8"?>
<!-- Generated by org.testng.reporters.JUnitReportReporter -->
<testsuite hostname="Teju" failures="0" tests="3" name="testNGxmlUse.MyClass2" time="0.005" errors="0" timestamp="2023-12-22T12:34:22 IST" skipped="0">
  <testcase classname="testNGxmlUse.MyClass2" name="Tc8" time="0.001">
    <system-out>
      <![CDATA[TC 8 is running]]>
    </system-out>
  </testcase> <!-- Tc8 -->
  <testcase classname="testNGxmlUse.MyClass2" name="Tc6" time="0.001">
    <system-out>
      <![CDATA[TC 6 is running]]>
    </system-out>
  </testcase> <!-- Tc6 -->
  <testcase classname="testNGxmlUse.MyClass2" name="Tc5" time="0.003">
    <system-out>
      <![CDATA[TC 5 is running]]>
    </system-out>
  </testcase> <!-- Tc5 -->
  <system-out>
    <![CDATA[TC 2 is running
TC 3 is running
TC 5 is running
TC 6 is running
TC 8 is running]]>
  </system-out>
</testsuite> <!-- testNGxmlUse.MyClass2 -->
