<?xml version="1.0" encoding="UTF-8"?>
<!-- Generated by org.testng.reporters.JUnitReportReporter -->
<testsuite hostname="Teju" failures="0" tests="6" name="TestNgKeyWords.INvocationCount" time="0.020" errors="0" timestamp="2023-12-22T11:35:21 IST" skipped="0">
  <testcase classname="TestNgKeyWords.INvocationCount" name="b" time="0.003">
    <system-out>
      <![CDATA[Test case  b is running]]>
    </system-out>
  </testcase> <!-- b -->
  <testcase classname="TestNgKeyWords.INvocationCount" name="c" time="0.002">
    <system-out>
      <![CDATA[Test case c is running]]>
    </system-out>
  </testcase> <!-- c -->
  <testcase classname="TestNgKeyWords.INvocationCount" name="b" time="0.002">
    <system-out>
      <![CDATA[Test case  b is running]]>
    </system-out>
  </testcase> <!-- b -->
  <testcase classname="TestNgKeyWords.INvocationCount" name="a" time="0.010">
    <system-out>
      <![CDATA[Test case a is running]]>
    </system-out>
  </testcase> <!-- a -->
  <testcase classname="TestNgKeyWords.INvocationCount" name="b" time="0.001">
    <system-out>
      <![CDATA[Test case  b is running]]>
    </system-out>
  </testcase> <!-- b -->
  <testcase classname="TestNgKeyWords.INvocationCount" name="b" time="0.002">
    <system-out>
      <![CDATA[Test case  b is running]]>
    </system-out>
  </testcase> <!-- b -->
  <system-out>
    <![CDATA[Test case a is running
Test case  b is running
Test case  b is running
Test case  b is running
Test case  b is running
Test case c is running]]>
  </system-out>
</testsuite> <!-- TestNgKeyWords.INvocationCount -->
