<?xml version="1.0" encoding="UTF-8"?>
<!-- Generated by org.testng.reporters.JUnitReportReporter -->
<testsuite hostname="Teju" failures="0" tests="1" name="seriesAndParallel.FlipCart" time="8.198" errors="0" timestamp="2023-12-23T21:23:17 IST" skipped="0">
  <testcase classname="seriesAndParallel.FlipCart" name="flipkartTest" time="8.198"/>
</testsuite> <!-- seriesAndParallel.FlipCart -->
