<?xml version="1.0" encoding="UTF-8"?>
<!-- Generated by org.testng.reporters.JUnitReportReporter -->
<testsuite hostname="Teju" failures="0" tests="1" name="testNGAssertions.AssertEqualsUse" time="0.010" errors="0" timestamp="2023-12-26T22:17:22 IST" skipped="0">
  <testcase classname="testNGAssertions.AssertEqualsUse" name="f" time="0.010"/>
</testsuite> <!-- testNGAssertions.AssertEqualsUse -->
