<?xml version="1.0" encoding="UTF-8"?>
<!-- Generated by org.testng.reporters.JUnitReportReporter -->
<testsuite hostname="Teju" failures="0" tests="1" name="testNgdataProvider.FBAccountFormUsingXMLData" time="11.770" errors="0" timestamp="2023-12-27T23:35:30 IST" skipped="0">
  <testcase classname="testNgdataProvider.FBAccountFormUsingXMLData" name="fbTest" time="11.770"/>
</testsuite> <!-- testNgdataProvider.FBAccountFormUsingXMLData -->
