<?xml version="1.0" encoding="UTF-8"?>
<!-- Generated by org.testng.reporters.JUnitReportReporter -->
<testsuite hostname="Teju" failures="0" tests="6" name="TestNgKeyWords.MixedKeyWords" time="0.015" errors="0" timestamp="2023-12-22T12:05:58 IST" skipped="0">
  <testcase classname="TestNgKeyWords.MixedKeyWords" name="a" time="0.002">
    <system-out>
      <![CDATA[TC a is running]]>
    </system-out>
  </testcase> <!-- a -->
  <testcase classname="TestNgKeyWords.MixedKeyWords" name="c" time="0.002">
    <system-out>
      <![CDATA[TC c is running]]>
    </system-out>
  </testcase> <!-- c -->
  <testcase classname="TestNgKeyWords.MixedKeyWords" name="b" time="0.007">
    <system-out>
      <![CDATA[TC b is running]]>
    </system-out>
  </testcase> <!-- b -->
  <testcase classname="TestNgKeyWords.MixedKeyWords" name="d" time="0.001">
    <system-out>
      <![CDATA[TC d is running]]>
    </system-out>
  </testcase> <!-- d -->
  <testcase classname="TestNgKeyWords.MixedKeyWords" name="d" time="0.001">
    <system-out>
      <![CDATA[TC d is running]]>
    </system-out>
  </testcase> <!-- d -->
  <testcase classname="TestNgKeyWords.MixedKeyWords" name="d" time="0.002">
    <system-out>
      <![CDATA[TC d is running]]>
    </system-out>
  </testcase> <!-- d -->
  <system-out>
    <![CDATA[TC b is running
TC c is running
TC d is running
TC d is running
TC d is running
TC a is running]]>
  </system-out>
</testsuite> <!-- TestNgKeyWords.MixedKeyWords -->
