<?xml version="1.0" encoding="UTF-8"?>
<!-- Generated by org.testng.reporters.JUnitReportReporter -->
<testsuite hostname="Teju" failures="0" tests="3" name="testNgdataProvider.FBAccountForm" time="30.056" errors="0" timestamp="2023-12-27T22:59:25 IST" skipped="0">
  <testcase classname="testNgdataProvider.FBAccountForm" name="fbTest" time="11.554"/>
  <testcase classname="testNgdataProvider.FBAccountForm" name="fbTest" time="9.768"/>
  <testcase classname="testNgdataProvider.FBAccountForm" name="fbTest" time="8.734"/>
</testsuite> <!-- testNgdataProvider.FBAccountForm -->
