<?xml version="1.0" encoding="UTF-8"?>
<!-- Generated by org.testng.reporters.JUnitReportReporter -->
<testsuite hostname="Teju" failures="0" tests="1" name="seriesAndParallel.Amazon1" time="6.710" errors="0" timestamp="2023-12-23T21:23:17 IST" skipped="0">
  <testcase classname="seriesAndParallel.Amazon1" name="amazonTest" time="6.710"/>
</testsuite> <!-- seriesAndParallel.Amazon1 -->
