<?xml version="1.0" encoding="UTF-8"?>
<!-- Generated by org.testng.reporters.JUnitReportReporter -->
<testsuite hostname="Teju" failures="0" tests="1" name="testNnggCoverFoxTest.CF_CC15_Validate_PinCodeErrorMsg" time="13.020" errors="0" timestamp="2024-01-06T14:38:27 IST" skipped="0">
  <testcase classname="testNnggCoverFoxTest.CF_CC15_Validate_PinCodeErrorMsg" name="validate_PinCodeErrorMsg" time="13.020">
    <system-out>
      <![CDATA[Pin Code error msg
test case passed]]>
    </system-out>
  </testcase> <!-- validate_PinCodeErrorMsg -->
  <system-out>
    <![CDATA[Launching browser 
Reading data from excelSheet
Reading data from excelSheet
Pin Code error msg
test case passed
Closing browser ]]>
  </system-out>
</testsuite> <!-- testNnggCoverFoxTest.CF_CC15_Validate_PinCodeErrorMsg -->
