<?xml version="1.0" encoding="UTF-8"?>
<!-- Generated by org.testng.reporters.JUnitReportReporter -->
<testsuite hostname="Teju" failures="0" tests="2" name="testNGStudy.Annotations_2cls" time="0.007" errors="0" timestamp="2023-12-21T11:58:37 IST" skipped="0">
  <testcase classname="testNGStudy.Annotations_2cls" name="TC3" time="0.004">
    <system-out>
      <![CDATA[Running TC3 ]]>
    </system-out>
  </testcase> <!-- TC3 -->
  <testcase classname="testNGStudy.Annotations_2cls" name="TC4" time="0.003">
    <system-out>
      <![CDATA[Running TC4 ]]>
    </system-out>
  </testcase> <!-- TC4 -->
  <system-out>
    <![CDATA[Before suite is running
Before test is running
Before class is runing
Before method is runnig
Running TC1 
afterMethod method is runnig
Before method is runnig
Running TC2 
afterMethod method is runnig
afterClass class is runing
Before class is runing
Before method is runnig
Running TC3 
afterMethod method is runnig
Before method is runnig
Running TC4 
afterMethod method is runnig
afterClass class is runing
after test is running
After Suite is running]]>
  </system-out>
</testsuite> <!-- testNGStudy.Annotations_2cls -->
