<?xml version="1.0" encoding="UTF-8"?>
<!-- Generated by org.testng.reporters.JUnitReportReporter -->
<testsuite hostname="Teju" failures="0" tests="2" name="testNGxmlUse.MyClass1" time="0.010" errors="0" timestamp="2023-12-22T12:34:22 IST" skipped="0">
  <testcase classname="testNGxmlUse.MyClass1" name="Tc3" time="0.001">
    <system-out>
      <![CDATA[TC 3 is running]]>
    </system-out>
  </testcase> <!-- Tc3 -->
  <testcase classname="testNGxmlUse.MyClass1" name="Tc2" time="0.009">
    <system-out>
      <![CDATA[TC 2 is running]]>
    </system-out>
  </testcase> <!-- Tc2 -->
  <system-out>
    <![CDATA[TC 2 is running
TC 3 is running
TC 5 is running
TC 6 is running
TC 8 is running]]>
  </system-out>
</testsuite> <!-- testNGxmlUse.MyClass1 -->
