<?xml version="1.0" encoding="UTF-8"?>
<!-- Generated by org.testng.reporters.JUnitReportReporter -->
<testsuite hostname="Teju" failures="0" tests="2" name="testNGStudy.BeforeMethodUse" time="0.018" errors="0" timestamp="2023-12-19T16:44:56 IST" skipped="0">
  <testcase classname="testNGStudy.BeforeMethodUse" name="myMethod2" time="0.003">
    <system-out>
      <![CDATA[TC myMethod2 is running]]>
    </system-out>
  </testcase> <!-- myMethod2 -->
  <testcase classname="testNGStudy.BeforeMethodUse" name="myMethod1" time="0.015">
    <system-out>
      <![CDATA[TC myMethod1 is running]]>
    </system-out>
  </testcase> <!-- myMethod1 -->
  <system-out>
    <![CDATA[Login is done
TC myMethod1 is running
LogOut is done
Login is done
TC myMethod2 is running
LogOut is done]]>
  </system-out>
</testsuite> <!-- testNGStudy.BeforeMethodUse -->
